<?xml version="1.0" encoding="UTF-8"?>
<coverage generated="1770106191">
  <project timestamp="1770106191">
    <package name="DadataSuggestions">
      <file name="/home/runner/work/dadata-suggestions/dadata-suggestions/src/DadataSuggestionsService.php">
        <class name="DadataSuggestions\DadataSuggestionsService" namespace="DadataSuggestions">
          <metrics complexity="13" methods="13" coveredmethods="8" conditionals="0" coveredconditionals="0" statements="29" coveredstatements="20" elements="42" coveredelements="28"/>
        </class>
        <line num="33" type="method" name="__construct" visibility="public" complexity="1" crap="1" count="2"/>
        <line num="35" type="stmt" count="2"/>
        <line num="36" type="stmt" count="2"/>
        <line num="38" type="stmt" count="2"/>
        <line num="39" type="stmt" count="2"/>
        <line num="52" type="method" name="suggestFio" visibility="public" complexity="1" crap="2" count="0"/>
        <line num="54" type="stmt" count="0"/>
        <line num="67" type="method" name="suggestAddress" visibility="public" complexity="1" crap="1" count="2"/>
        <line num="69" type="stmt" count="2"/>
        <line num="84" type="method" name="suggestParty" visibility="public" complexity="1" crap="2" count="0"/>
        <line num="86" type="stmt" count="0"/>
        <line num="87" type="stmt" count="0"/>
        <line num="88" type="stmt" count="0"/>
        <line num="89" type="stmt" count="0"/>
        <line num="104" type="method" name="suggestBank" visibility="public" complexity="1" crap="2" count="0"/>
        <line num="106" type="stmt" count="0"/>
        <line num="118" type="method" name="suggestEmail" visibility="public" complexity="1" crap="2" count="0"/>
        <line num="120" type="stmt" count="0"/>
        <line num="128" type="method" name="getUrl" visibility="public" complexity="1" crap="1" count="2"/>
        <line num="130" type="stmt" count="2"/>
        <line num="136" type="method" name="setUrl" visibility="public" complexity="1" crap="2" count="0"/>
        <line num="138" type="stmt" count="0"/>
        <line num="139" type="stmt" count="0"/>
        <line num="144" type="method" name="getClient" visibility="public" complexity="1" crap="1" count="2"/>
        <line num="146" type="stmt" count="2"/>
        <line num="152" type="method" name="setClient" visibility="public" complexity="1" crap="1" count="2"/>
        <line num="154" type="stmt" count="2"/>
        <line num="155" type="stmt" count="2"/>
        <line num="160" type="method" name="getToken" visibility="public" complexity="1" crap="1" count="2"/>
        <line num="162" type="stmt" count="2"/>
        <line num="168" type="method" name="setToken" visibility="public" complexity="1" crap="1" count="2"/>
        <line num="170" type="stmt" count="2"/>
        <line num="171" type="stmt" count="2"/>
        <line num="182" type="method" name="suggest" visibility="protected" complexity="1" crap="1" count="2"/>
        <line num="184" type="stmt" count="2"/>
        <line num="185" type="stmt" count="2"/>
        <line num="187" type="stmt" count="2"/>
        <line num="189" type="stmt" count="2"/>
        <line num="190" type="stmt" count="2"/>
        <line num="194" type="stmt" count="2"/>
        <line num="195" type="stmt" count="2"/>
        <line num="196" type="stmt" count="2"/>
        <metrics loc="198" ncloc="119" classes="1" methods="13" coveredmethods="8" conditionals="0" coveredconditionals="0" statements="29" coveredstatements="20" elements="42" coveredelements="28"/>
      </file>
      <file name="/home/runner/work/dadata-suggestions/dadata-suggestions/src/Response.php">
        <class name="DadataSuggestions\Response" namespace="DadataSuggestions">
          <metrics complexity="10" methods="7" coveredmethods="5" conditionals="0" coveredconditionals="0" statements="18" coveredstatements="15" elements="25" coveredelements="20"/>
        </class>
        <line num="37" type="method" name="__construct" visibility="public" complexity="4" crap="4" count="2"/>
        <line num="39" type="stmt" count="2"/>
        <line num="40" type="stmt" count="2"/>
        <line num="41" type="stmt" count="2"/>
        <line num="42" type="stmt" count="2"/>
        <line num="43" type="stmt" count="2"/>
        <line num="44" type="stmt" count="2"/>
        <line num="45" type="stmt" count="2"/>
        <line num="46" type="stmt" count="2"/>
        <line num="49" type="stmt" count="2"/>
        <line num="54" type="method" name="getStatus" visibility="public" complexity="1" crap="2" count="0"/>
        <line num="56" type="stmt" count="0"/>
        <line num="62" type="method" name="setStatus" visibility="public" complexity="1" crap="1" count="2"/>
        <line num="64" type="stmt" count="2"/>
        <line num="65" type="stmt" count="2"/>
        <line num="70" type="method" name="getRaw" visibility="public" complexity="1" crap="1" count="2"/>
        <line num="72" type="stmt" count="2"/>
        <line num="78" type="method" name="setRaw" visibility="protected" complexity="1" crap="1" count="2"/>
        <line num="80" type="stmt" count="2"/>
        <line num="81" type="stmt" count="2"/>
        <line num="86" type="method" name="getSuggestions" visibility="public" complexity="1" crap="1" count="2"/>
        <line num="88" type="stmt" count="2"/>
        <line num="94" type="method" name="setSuggestions" visibility="public" complexity="1" crap="2" count="0"/>
        <line num="96" type="stmt" count="0"/>
        <line num="97" type="stmt" count="0"/>
        <metrics loc="98" ncloc="76" classes="1" methods="7" coveredmethods="5" conditionals="0" coveredconditionals="0" statements="18" coveredstatements="15" elements="25" coveredelements="20"/>
      </file>
      <file name="/home/runner/work/dadata-suggestions/dadata-suggestions/src/ResponseData.php">
        <class name="DadataSuggestions\ResponseData" namespace="DadataSuggestions">
          <metrics complexity="3" methods="2" coveredmethods="2" conditionals="0" coveredconditionals="0" statements="5" coveredstatements="5" elements="7" coveredelements="7"/>
        </class>
        <line num="12" type="method" name="getInstance" visibility="public" complexity="1" crap="1" count="2"/>
        <line num="14" type="stmt" count="2"/>
        <line num="15" type="stmt" count="2"/>
        <line num="22" type="method" name="__construct" visibility="public" complexity="2" crap="2" count="2"/>
        <line num="24" type="stmt" count="2"/>
        <line num="25" type="stmt" count="2"/>
        <line num="27" type="stmt" count="2"/>
        <metrics loc="28" ncloc="21" classes="1" methods="2" coveredmethods="2" conditionals="0" coveredconditionals="0" statements="5" coveredstatements="5" elements="7" coveredelements="7"/>
      </file>
      <file name="/home/runner/work/dadata-suggestions/dadata-suggestions/src/Suggestion.php">
        <class name="DadataSuggestions\Suggestion" namespace="DadataSuggestions">
          <metrics complexity="11" methods="7" coveredmethods="7" conditionals="0" coveredconditionals="0" statements="18" coveredstatements="18" elements="25" coveredelements="25"/>
        </class>
        <line num="27" type="method" name="__construct" visibility="public" complexity="5" crap="5" count="2"/>
        <line num="29" type="stmt" count="2"/>
        <line num="30" type="stmt" count="2"/>
        <line num="31" type="stmt" count="2"/>
        <line num="33" type="stmt" count="2"/>
        <line num="34" type="stmt" count="2"/>
        <line num="36" type="stmt" count="2"/>
        <line num="37" type="stmt" count="2"/>
        <line num="38" type="stmt" count="2"/>
        <line num="41" type="stmt" count="2"/>
        <line num="46" type="method" name="getValue" visibility="public" complexity="1" crap="1" count="1"/>
        <line num="48" type="stmt" count="1"/>
        <line num="54" type="method" name="setValue" visibility="public" complexity="1" crap="1" count="2"/>
        <line num="56" type="stmt" count="2"/>
        <line num="57" type="stmt" count="2"/>
        <line num="62" type="method" name="getUnrestrictedValue" visibility="public" complexity="1" crap="1" count="1"/>
        <line num="64" type="stmt" count="1"/>
        <line num="70" type="method" name="setUnrestrictedValue" visibility="public" complexity="1" crap="1" count="2"/>
        <line num="72" type="stmt" count="2"/>
        <line num="73" type="stmt" count="2"/>
        <line num="78" type="method" name="getData" visibility="public" complexity="1" crap="1" count="2"/>
        <line num="80" type="stmt" count="2"/>
        <line num="86" type="method" name="setData" visibility="public" complexity="1" crap="1" count="2"/>
        <line num="88" type="stmt" count="2"/>
        <line num="89" type="stmt" count="2"/>
        <metrics loc="90" ncloc="68" classes="1" methods="7" coveredmethods="7" conditionals="0" coveredconditionals="0" statements="18" coveredstatements="18" elements="25" coveredelements="25"/>
      </file>
    </package>
    <package name="DadataSuggestions\Data">
      <file name="/home/runner/work/dadata-suggestions/dadata-suggestions/src/Data/Address.php">
        <class name="DadataSuggestions\Data\Address" namespace="DadataSuggestions\Data" fullPackage="DadataSuggestions" package="DadataSuggestions">
          <metrics complexity="0" methods="0" coveredmethods="0" conditionals="0" coveredconditionals="0" statements="0" coveredstatements="0" elements="0" coveredelements="0"/>
        </class>
        <metrics loc="84" ncloc="10" classes="0" methods="0" coveredmethods="0" conditionals="0" coveredconditionals="0" statements="0" coveredstatements="0" elements="0" coveredelements="0"/>
      </file>
      <file name="/home/runner/work/dadata-suggestions/dadata-suggestions/src/Data/Bank.php">
        <class name="DadataSuggestions\Data\Bank" namespace="DadataSuggestions\Data" fullPackage="DadataSuggestions" package="DadataSuggestions">
          <metrics complexity="0" methods="0" coveredmethods="0" conditionals="0" coveredconditionals="0" statements="0" coveredstatements="0" elements="0" coveredelements="0"/>
        </class>
        <metrics loc="34" ncloc="10" classes="0" methods="0" coveredmethods="0" conditionals="0" coveredconditionals="0" statements="0" coveredstatements="0" elements="0" coveredelements="0"/>
      </file>
      <file name="/home/runner/work/dadata-suggestions/dadata-suggestions/src/Data/Email.php">
        <class name="DadataSuggestions\Data\Email" namespace="DadataSuggestions\Data" fullPackage="DadataSuggestions" package="DadataSuggestions">
          <metrics complexity="0" methods="0" coveredmethods="0" conditionals="0" coveredconditionals="0" statements="0" coveredstatements="0" elements="0" coveredelements="0"/>
        </class>
        <metrics loc="16" ncloc="10" classes="0" methods="0" coveredmethods="0" conditionals="0" coveredconditionals="0" statements="0" coveredstatements="0" elements="0" coveredelements="0"/>
      </file>
      <file name="/home/runner/work/dadata-suggestions/dadata-suggestions/src/Data/Fio.php">
        <class name="DadataSuggestions\Data\Fio" namespace="DadataSuggestions\Data" fullPackage="DadataSuggestions" package="DadataSuggestions">
          <metrics complexity="0" methods="0" coveredmethods="0" conditionals="0" coveredconditionals="0" statements="0" coveredstatements="0" elements="0" coveredelements="0"/>
        </class>
        <metrics loc="21" ncloc="10" classes="0" methods="0" coveredmethods="0" conditionals="0" coveredconditionals="0" statements="0" coveredstatements="0" elements="0" coveredelements="0"/>
      </file>
      <file name="/home/runner/work/dadata-suggestions/dadata-suggestions/src/Data/Party.php">
        <class name="DadataSuggestions\Data\Party" namespace="DadataSuggestions\Data" fullPackage="DadataSuggestions" package="DadataSuggestions">
          <metrics complexity="0" methods="0" coveredmethods="0" conditionals="0" coveredconditionals="0" statements="0" coveredstatements="0" elements="0" coveredelements="0"/>
        </class>
        <metrics loc="47" ncloc="10" classes="0" methods="0" coveredmethods="0" conditionals="0" coveredconditionals="0" statements="0" coveredstatements="0" elements="0" coveredelements="0"/>
      </file>
    </package>
    <metrics files="9" loc="616" ncloc="334" classes="4" methods="29" coveredmethods="22" conditionals="0" coveredconditionals="0" statements="70" coveredstatements="58" elements="99" coveredelements="80"/>
  </project>
</coverage>
